	Exporter version: 4.6.1, Blender version: 2.78 (sub 0)
========= Conversion from Blender to Babylon.js =========
	Scene settings used:
		selected layers only:  false
		flat shading entire scene:  false
		inline textures:  false
		texture directory:  /home/eva/Загрузки/gryff help)))/кристаллы/
	Python World class constructor completed
	processing begun of node:  VRayPhysic
	processing begun of mesh:  OilTank001
		processing begun of Standard material:  glass 1
		num positions      :  39
		num normals        :  39
		num uvs            :  78
		num uvs2           :  0
		num colors         :  0
		num indices        :  60
	processing begun of mesh:  Box002
		registered as also a user of material:  glass 1
		num positions      :  26
		num normals        :  26
		num uvs            :  52
		num uvs2           :  0
		num colors         :  0
		num indices        :  36
	processing begun of mesh:  Box001
		registered as also a user of material:  glass 1
		num positions      :  26
		num normals        :  26
		num uvs            :  52
		num uvs2           :  0
		num colors         :  0
		num indices        :  36
	processing begun of mesh:  Hedra014
		registered as also a user of material:  glass 1
		num positions      :  44
		num normals        :  44
		num uvs            :  88
		num uvs2           :  0
		num colors         :  0
		num indices        :  60
	processing begun of mesh:  Hedra013
		registered as also a user of material:  glass 1
		num positions      :  44
		num normals        :  44
		num uvs            :  88
		num uvs2           :  0
		num colors         :  0
		num indices        :  60
	processing begun of mesh:  Hedra012
		registered as also a user of material:  glass 1
		num positions      :  44
		num normals        :  44
		num uvs            :  88
		num uvs2           :  0
		num colors         :  0
		num indices        :  60
	processing begun of mesh:  Hedra011
		registered as also a user of material:  glass 1
		num positions      :  44
		num normals        :  44
		num uvs            :  88
		num uvs2           :  0
		num colors         :  0
		num indices        :  60
	processing begun of mesh:  Hedra010
		registered as also a user of material:  glass 1
		num positions      :  44
		num normals        :  44
		num uvs            :  88
		num uvs2           :  0
		num colors         :  0
		num indices        :  60
	processing begun of mesh:  Hedra009
		registered as also a user of material:  glass 1
		num positions      :  44
		num normals        :  44
		num uvs            :  88
		num uvs2           :  0
		num colors         :  0
		num indices        :  60
	processing begun of mesh:  Hedra008
		registered as also a user of material:  glass 1
		num positions      :  44
		num normals        :  44
		num uvs            :  88
		num uvs2           :  0
		num colors         :  0
		num indices        :  60
	processing begun of mesh:  Hedra007
		registered as also a user of material:  glass 1
		num positions      :  44
		num normals        :  44
		num uvs            :  88
		num uvs2           :  0
		num colors         :  0
		num indices        :  60
	processing begun of mesh:  Hedra006
		registered as also a user of material:  glass 1
		num positions      :  44
		num normals        :  44
		num uvs            :  88
		num uvs2           :  0
		num colors         :  0
		num indices        :  60
	processing begun of mesh:  Hedra005
		registered as also a user of material:  glass 1
		num positions      :  44
		num normals        :  44
		num uvs            :  88
		num uvs2           :  0
		num colors         :  0
		num indices        :  60
	processing begun of mesh:  Hedra001
		registered as also a user of material:  glass 1
		num positions      :  506
		num normals        :  506
		num uvs            :  1012
		num uvs2           :  0
		num colors         :  0
		num indices        :  960
	processing begun of camera (FreeCamera):  Camera
	processing begun of light (POINT):  Lamp
========= Writing of scene file started =========
========= Writing of scene file completed =========
========= end of processing =========
elapsed time:  0 min, 0.059 secs
